2020.10.26 22:25:59 INFO  started: Metals version 0.9.4 in workspace 'C:\RADWorkspace\personal\data-ingest' for client vscode.
2020.10.26 22:25:59 INFO  time: initialize in 0.85s
2020.10.26 22:26:01 WARN  no build tool detected in workspace 'C:\RADWorkspace\personal\data-ingest'. The most common cause for this problem is that the editor was opened in the wrong working directory, for example if you use sbt then the workspace directory should contain build.sbt. 
okt 26, 2020 11:20:36 PM org.eclipse.lsp4j.jsonrpc.services.GenericEndpoint notify
INFO: Unsupported notification method: $/setTraceNotification
2020.10.28 19:29:00 INFO  started: Metals version 0.9.4 in workspace 'C:\RADWorkspace\personal\data-ingest' for client vscode.
2020.10.28 19:29:01 INFO  time: initialize in 1.08s
2020.10.28 19:29:06 WARN  no build tool detected in workspace 'C:\RADWorkspace\personal\data-ingest'. The most common cause for this problem is that the editor was opened in the wrong working directory, for example if you use sbt then the workspace directory should contain build.sbt. 
2020.10.28 23:21:33 INFO  shutting down Metals
2020.11.06 11:39:58 INFO  started: Metals version 0.9.4 in workspace 'C:\RADWorkspace\personal\data-ingest' for client vscode.
2020.11.06 11:39:59 INFO  time: initialize in 1.04s
2020.11.06 11:40:00 WARN  no build tool detected in workspace 'C:\RADWorkspace\personal\data-ingest'. The most common cause for this problem is that the editor was opened in the wrong working directory, for example if you use sbt then the workspace directory should contain build.sbt. 
2020.11.07 13:57:24 INFO  started: Metals version 0.9.4 in workspace 'C:\RADWorkspace\personal\data-ingest' for client vscode.
2020.11.07 13:57:26 INFO  time: initialize in 1.61s
2020.11.07 13:57:35 WARN  no build tool detected in workspace 'C:\RADWorkspace\personal\data-ingest'. The most common cause for this problem is that the editor was opened in the wrong working directory, for example if you use sbt then the workspace directory should contain build.sbt. 
2020.11.08 09:31:28 INFO  started: Metals version 0.9.4 in workspace 'C:\RADWorkspace\personal\data-ingest' for client vscode.
2020.11.08 09:31:29 INFO  time: initialize in 0.98s
2020.11.08 09:31:34 WARN  no build tool detected in workspace 'C:\RADWorkspace\personal\data-ingest'. The most common cause for this problem is that the editor was opened in the wrong working directory, for example if you use sbt then the workspace directory should contain build.sbt. 
2020.11.08 13:19:00 INFO  started: Metals version 0.9.4 in workspace 'C:\RADWorkspace\personal\data-ingest' for client vscode.
2020.11.08 13:19:01 INFO  time: initialize in 0.81s
2020.11.08 13:19:06 WARN  no build tool detected in workspace 'C:\RADWorkspace\personal\data-ingest'. The most common cause for this problem is that the editor was opened in the wrong working directory, for example if you use sbt then the workspace directory should contain build.sbt. 
2020.11.08 14:19:59 INFO  shutting down Metals
2020.11.08 20:00:54 INFO  started: Metals version 0.9.4 in workspace 'C:\RADWorkspace\personal\data-ingest' for client vscode.
2020.11.08 20:00:55 INFO  time: initialize in 0.78s
2020.11.08 20:00:56 WARN  no build tool detected in workspace 'C:\RADWorkspace\personal\data-ingest'. The most common cause for this problem is that the editor was opened in the wrong working directory, for example if you use sbt then the workspace directory should contain build.sbt. 
nov 08, 2020 8:11:15 PM org.eclipse.lsp4j.jsonrpc.services.GenericEndpoint notify
INFO: Unsupported notification method: $/setTraceNotification
2020.11.09 06:30:27 INFO  started: Metals version 0.9.4 in workspace 'C:\RADWorkspace\personal\data-ingest' for client vscode.
2020.11.09 06:30:28 INFO  time: initialize in 1.01s
2020.11.09 06:30:34 WARN  no build tool detected in workspace 'C:\RADWorkspace\personal\data-ingest'. The most common cause for this problem is that the editor was opened in the wrong working directory, for example if you use sbt then the workspace directory should contain build.sbt. 
2020.11.09 07:25:55 INFO  shutting down Metals
2020.11.09 07:39:50 INFO  started: Metals version 0.9.4 in workspace 'C:\RADWorkspace\personal\data-ingest' for client vscode.
2020.11.09 07:39:51 INFO  time: initialize in 0.69s
2020.11.09 07:39:52 WARN  no build tool detected in workspace 'C:\RADWorkspace\personal\data-ingest'. The most common cause for this problem is that the editor was opened in the wrong working directory, for example if you use sbt then the workspace directory should contain build.sbt. 
2020.11.09 12:12:26 INFO  started: Metals version 0.9.4 in workspace 'C:\RADWorkspace\personal\data-ingest' for client vscode.
2020.11.09 12:12:27 INFO  time: initialize in 1.26s
2020.11.09 12:12:32 WARN  no build tool detected in workspace 'C:\RADWorkspace\personal\data-ingest'. The most common cause for this problem is that the editor was opened in the wrong working directory, for example if you use sbt then the workspace directory should contain build.sbt. 
2020.11.09 14:56:14 INFO  shutting down Metals
2020.11.09 20:42:23 INFO  started: Metals version 0.9.4 in workspace 'C:\RADWorkspace\personal\data-ingest' for client vscode.
2020.11.09 20:42:24 INFO  time: initialize in 0.99s
2020.11.09 20:42:25 WARN  no build tool detected in workspace 'C:\RADWorkspace\personal\data-ingest'. The most common cause for this problem is that the editor was opened in the wrong working directory, for example if you use sbt then the workspace directory should contain build.sbt. 
2020.11.10 12:20:04 INFO  started: Metals version 0.9.4 in workspace 'C:\RADWorkspace\personal\data-ingest' for client vscode.
2020.11.10 12:20:05 INFO  time: initialize in 0.88s
2020.11.10 12:20:10 WARN  no build tool detected in workspace 'C:\RADWorkspace\personal\data-ingest'. The most common cause for this problem is that the editor was opened in the wrong working directory, for example if you use sbt then the workspace directory should contain build.sbt. 
nov 10, 2020 2:48:49 PM org.eclipse.lsp4j.jsonrpc.services.GenericEndpoint notify
INFO: Unsupported notification method: $/setTraceNotification
2020.11.10 18:29:39 INFO  started: Metals version 0.9.4 in workspace 'C:\RADWorkspace\personal\data-ingest' for client vscode.
2020.11.10 18:29:40 INFO  time: initialize in 1.66s
2020.11.10 18:29:47 WARN  no build tool detected in workspace 'C:\RADWorkspace\personal\data-ingest'. The most common cause for this problem is that the editor was opened in the wrong working directory, for example if you use sbt then the workspace directory should contain build.sbt. 
2020.11.11 07:08:06 INFO  started: Metals version 0.9.4 in workspace 'C:\RADWorkspace\personal\data-ingest' for client vscode.
2020.11.11 07:08:06 INFO  time: initialize in 0.71s
